<?xml version="1.0" encoding="UTF-8"?>
<testng-results ignored="0" total="1" passed="1" failed="0" skipped="0">
  <reporter-output>
  </reporter-output>
  <suite started-at="2023-10-28T16:19:39 IST" name="Default suite" finished-at="2023-10-28T16:19:41 IST" duration-ms="1457">
    <groups>
    </groups>
    <test started-at="2023-10-28T16:19:39 IST" name="Default test" finished-at="2023-10-28T16:19:41 IST" duration-ms="1457">
      <class name="restTests.SoapXMLValidation">
        <test-method signature="validateSoapXML()[pri:0, instance:restTests.SoapXMLValidation@b9b00e0]" started-at="2023-10-28T16:19:39 IST" name="validateSoapXML" finished-at="2023-10-28T16:19:41 IST" duration-ms="1396" status="PASS">
          <reporter-output>
          </reporter-output>
        </test-method> <!-- validateSoapXML -->
      </class> <!-- restTests.SoapXMLValidation -->
    </test> <!-- Default test -->
  </suite> <!-- Default suite -->
</testng-results>
